2025-11-05 01:38:07.054 | INFO     | tasks.layout:init:23 - Start loading the layout model.
2025-11-05 01:38:07.058 | INFO     | pdf_parser.utils.config_loader:initialize_tasks_and_models:23 - Initializing layout_detection task with <class 'pdf_parser.tasks.layout.doclayout.LayoutDetectionPP'>
2025-11-05 01:38:09.536 | INFO     | tasks.layout:init:27 - The layout model has been successfully loaded.
2025-11-05 01:38:59.589 | INFO     | tasks.layout:layout_main:37 - Start executing the task.
2025-11-05 01:39:31.683 | INFO     | tasks.layout:layout_main:40 - Task done.
2025-11-05 01:40:10.479 | INFO     | tasks.layout:layout_main:37 - Start executing the task.
2025-11-05 01:40:14.378 | INFO     | tasks.layout:layout_main:40 - Task done.
2025-11-05 01:40:22.219 | INFO     | tasks.layout:layout_main:37 - Start executing the task.
2025-11-05 01:40:23.187 | INFO     | tasks.layout:layout_main:40 - Task done.
2025-11-05 01:51:26.278 | INFO     | tasks.layout:init:23 - Start loading the layout model.
2025-11-05 01:51:26.279 | INFO     | pdf_parser.utils.config_loader:initialize_tasks_and_models:23 - Initializing layout_detection task with <class 'pdf_parser.tasks.layout.doclayout.LayoutDetectionPP'>
2025-11-05 01:51:28.604 | INFO     | tasks.layout:init:27 - The layout model has been successfully loaded.
2025-11-05 01:52:01.670 | INFO     | tasks.layout:layout_main:37 - Start executing the task.
2025-11-05 01:52:32.748 | INFO     | tasks.layout:layout_main:40 - Task done.
2025-11-05 01:53:10.097 | INFO     | tasks.layout:layout_main:37 - Start executing the task.
2025-11-05 01:53:12.830 | INFO     | tasks.layout:layout_main:40 - Task done.
2025-11-05 01:53:21.339 | INFO     | tasks.layout:layout_main:37 - Start executing the task.
2025-11-05 01:53:22.276 | INFO     | tasks.layout:layout_main:40 - Task done.
2025-11-05 02:19:54.289 | INFO     | tasks.layout:init:23 - Start loading the layout model.
2025-11-05 02:19:54.290 | INFO     | pdf_parser.utils.config_loader:initialize_tasks_and_models:23 - Initializing layout_detection task with <class 'pdf_parser.tasks.layout.doclayout.LayoutDetectionPP'>
2025-11-05 02:19:56.545 | INFO     | tasks.layout:init:27 - The layout model has been successfully loaded.
2025-11-05 02:20:45.500 | INFO     | tasks.layout:layout_main:37 - Start executing the task.
2025-11-05 02:21:22.198 | INFO     | tasks.layout:layout_main:40 - Task done.
2025-11-05 02:22:05.586 | INFO     | tasks.layout:layout_main:37 - Start executing the task.
2025-11-05 02:22:08.945 | INFO     | tasks.layout:layout_main:40 - Task done.
2025-11-05 02:22:16.635 | INFO     | tasks.layout:layout_main:37 - Start executing the task.
2025-11-05 02:22:17.549 | INFO     | tasks.layout:layout_main:40 - Task done.
2025-11-05 02:22:46.900 | INFO     | tasks.layout:layout_main:37 - Start executing the task.
2025-11-05 02:22:50.099 | INFO     | tasks.layout:layout_main:40 - Task done.
2025-11-05 02:22:57.722 | INFO     | tasks.layout:layout_main:37 - Start executing the task.
2025-11-05 02:22:58.310 | INFO     | tasks.layout:layout_main:40 - Task done.
2025-11-05 02:31:24.563 | INFO     | tasks.layout:layout_main:37 - Start executing the task.
2025-11-05 02:31:27.480 | INFO     | tasks.layout:layout_main:40 - Task done.
2025-11-05 02:31:38.262 | INFO     | tasks.layout:layout_main:37 - Start executing the task.
2025-11-05 02:31:41.721 | INFO     | tasks.layout:layout_main:40 - Task done.
2025-11-05 02:31:49.411 | INFO     | tasks.layout:layout_main:37 - Start executing the task.
2025-11-05 02:31:50.376 | INFO     | tasks.layout:layout_main:40 - Task done.
2025-11-05 02:32:19.690 | INFO     | tasks.layout:layout_main:37 - Start executing the task.
2025-11-05 02:32:22.871 | INFO     | tasks.layout:layout_main:40 - Task done.
2025-11-05 02:32:31.686 | INFO     | tasks.layout:layout_main:37 - Start executing the task.
2025-11-05 02:32:32.319 | INFO     | tasks.layout:layout_main:40 - Task done.
2025-11-05 09:53:07.746 | INFO     | tasks.layout:layout_main:37 - Start executing the task.
2025-11-05 09:53:11.240 | INFO     | tasks.layout:layout_main:40 - Task done.
2025-11-05 09:53:26.582 | INFO     | tasks.layout:layout_main:37 - Start executing the task.
2025-11-05 09:53:29.978 | INFO     | tasks.layout:layout_main:40 - Task done.
2025-11-05 09:53:40.829 | INFO     | tasks.layout:layout_main:37 - Start executing the task.
2025-11-05 09:53:43.894 | INFO     | tasks.layout:layout_main:40 - Task done.
2025-11-05 09:53:58.083 | INFO     | tasks.layout:layout_main:37 - Start executing the task.
2025-11-05 09:54:01.525 | INFO     | tasks.layout:layout_main:40 - Task done.
2025-11-05 09:54:16.614 | INFO     | tasks.layout:layout_main:37 - Start executing the task.
2025-11-05 09:54:19.740 | INFO     | tasks.layout:layout_main:40 - Task done.
2025-11-05 09:54:33.300 | INFO     | tasks.layout:layout_main:37 - Start executing the task.
2025-11-05 09:54:34.019 | INFO     | tasks.layout:layout_main:40 - Task done.
2025-11-05 10:01:10.400 | INFO     | tasks.layout:layout_main:37 - Start executing the task.
2025-11-05 10:01:13.369 | INFO     | tasks.layout:layout_main:40 - Task done.
2025-11-05 10:01:25.095 | INFO     | tasks.layout:layout_main:37 - Start executing the task.
2025-11-05 10:01:26.229 | INFO     | tasks.layout:layout_main:40 - Task done.
2025-11-05 10:13:19.217 | INFO     | tasks.layout:layout_main:37 - Start executing the task.
2025-11-05 10:13:21.816 | INFO     | tasks.layout:layout_main:40 - Task done.
2025-11-05 10:13:34.875 | INFO     | tasks.layout:layout_main:37 - Start executing the task.
2025-11-05 10:13:36.109 | INFO     | tasks.layout:layout_main:40 - Task done.
2025-11-05 10:13:56.656 | INFO     | tasks.layout:layout_main:37 - Start executing the task.
2025-11-05 10:13:59.689 | INFO     | tasks.layout:layout_main:40 - Task done.
2025-11-05 10:14:11.814 | INFO     | tasks.layout:layout_main:37 - Start executing the task.
2025-11-05 10:14:12.848 | INFO     | tasks.layout:layout_main:40 - Task done.
2025-11-05 10:15:01.730 | INFO     | tasks.layout:layout_main:37 - Start executing the task.
2025-11-05 10:15:04.672 | INFO     | tasks.layout:layout_main:40 - Task done.
2025-11-05 10:15:21.361 | INFO     | tasks.layout:layout_main:37 - Start executing the task.
2025-11-05 10:15:21.724 | INFO     | tasks.layout:layout_main:40 - Task done.
2025-11-05 10:15:37.843 | INFO     | tasks.layout:layout_main:37 - Start executing the task.
2025-11-05 10:15:41.108 | INFO     | tasks.layout:layout_main:40 - Task done.
2025-11-05 10:15:57.680 | INFO     | tasks.layout:layout_main:37 - Start executing the task.
2025-11-05 10:15:58.684 | INFO     | tasks.layout:layout_main:40 - Task done.
2025-11-05 10:16:12.800 | INFO     | tasks.layout:layout_main:37 - Start executing the task.
2025-11-05 10:16:15.880 | INFO     | tasks.layout:layout_main:40 - Task done.
2025-11-05 10:16:30.843 | INFO     | tasks.layout:layout_main:37 - Start executing the task.
2025-11-05 10:16:32.798 | INFO     | tasks.layout:layout_main:40 - Task done.
2025-11-05 10:17:00.381 | INFO     | tasks.layout:layout_main:37 - Start executing the task.
2025-11-05 10:17:04.853 | INFO     | tasks.layout:layout_main:40 - Task done.
2025-11-05 10:17:20.633 | INFO     | tasks.layout:layout_main:37 - Start executing the task.
2025-11-05 10:17:21.916 | INFO     | tasks.layout:layout_main:40 - Task done.
2025-11-05 10:17:41.273 | INFO     | tasks.layout:layout_main:37 - Start executing the task.
2025-11-05 10:17:44.620 | INFO     | tasks.layout:layout_main:40 - Task done.
2025-11-05 10:18:00.477 | INFO     | tasks.layout:layout_main:37 - Start executing the task.
2025-11-05 10:18:01.738 | INFO     | tasks.layout:layout_main:40 - Task done.
2025-11-05 10:18:23.805 | INFO     | tasks.layout:layout_main:37 - Start executing the task.
2025-11-05 10:18:27.031 | INFO     | tasks.layout:layout_main:40 - Task done.
2025-11-05 10:18:43.576 | INFO     | tasks.layout:layout_main:37 - Start executing the task.
2025-11-05 10:18:44.953 | INFO     | tasks.layout:layout_main:40 - Task done.
2025-11-05 10:19:05.838 | INFO     | tasks.layout:layout_main:37 - Start executing the task.
2025-11-05 10:19:08.671 | INFO     | tasks.layout:layout_main:40 - Task done.
2025-11-05 10:19:23.494 | INFO     | tasks.layout:layout_main:37 - Start executing the task.
2025-11-05 10:19:25.099 | INFO     | tasks.layout:layout_main:40 - Task done.
2025-11-05 10:19:50.342 | INFO     | tasks.layout:layout_main:37 - Start executing the task.
2025-11-05 10:19:51.308 | INFO     | tasks.layout:layout_main:40 - Task done.
2025-11-05 10:20:00.574 | INFO     | tasks.layout:layout_main:37 - Start executing the task.
2025-11-05 10:20:03.650 | INFO     | tasks.layout:layout_main:40 - Task done.
2025-11-05 10:20:16.793 | INFO     | tasks.layout:layout_main:37 - Start executing the task.
2025-11-05 10:20:17.590 | INFO     | tasks.layout:layout_main:40 - Task done.
2025-11-05 10:20:33.944 | INFO     | tasks.layout:layout_main:37 - Start executing the task.
2025-11-05 10:20:37.553 | INFO     | tasks.layout:layout_main:40 - Task done.
2025-11-05 10:20:57.280 | INFO     | tasks.layout:layout_main:37 - Start executing the task.
2025-11-05 10:20:59.091 | INFO     | tasks.layout:layout_main:40 - Task done.
2025-11-05 10:21:31.641 | INFO     | tasks.layout:layout_main:37 - Start executing the task.
2025-11-05 10:21:34.210 | INFO     | tasks.layout:layout_main:40 - Task done.
2025-11-05 10:21:59.950 | INFO     | tasks.layout:layout_main:37 - Start executing the task.
2025-11-05 10:22:02.941 | INFO     | tasks.layout:layout_main:40 - Task done.
2025-11-05 10:22:19.497 | INFO     | tasks.layout:layout_main:37 - Start executing the task.
2025-11-05 10:22:22.713 | INFO     | tasks.layout:layout_main:40 - Task done.
2025-11-05 10:22:44.476 | INFO     | tasks.layout:layout_main:37 - Start executing the task.
2025-11-05 10:22:47.527 | INFO     | tasks.layout:layout_main:40 - Task done.
2025-11-05 10:23:01.946 | INFO     | tasks.layout:layout_main:37 - Start executing the task.
2025-11-05 10:23:05.321 | INFO     | tasks.layout:layout_main:40 - Task done.
2025-11-05 10:23:25.952 | INFO     | tasks.layout:layout_main:37 - Start executing the task.
2025-11-05 10:23:28.668 | INFO     | tasks.layout:layout_main:40 - Task done.
2025-11-05 10:23:52.880 | INFO     | tasks.layout:layout_main:37 - Start executing the task.
2025-11-05 10:23:56.743 | INFO     | tasks.layout:layout_main:40 - Task done.
2025-11-05 10:24:17.240 | INFO     | tasks.layout:layout_main:37 - Start executing the task.
2025-11-05 10:24:20.383 | INFO     | tasks.layout:layout_main:40 - Task done.
2025-11-05 10:24:38.009 | INFO     | tasks.layout:layout_main:37 - Start executing the task.
2025-11-05 10:24:39.894 | INFO     | tasks.layout:layout_main:40 - Task done.
